[debug] [2023-05-26T02:13:46.208Z] ----------------------------------------------------------------------
[debug] [2023-05-26T02:13:46.211Z] Command:       C:\Program Files\nodejs\node.exe C:\Users\Alzan\AppData\Roaming\npm\node_modules\firebase-tools\lib\bin\firebase.js init
[debug] [2023-05-26T02:13:46.212Z] CLI Version:   12.0.0
[debug] [2023-05-26T02:13:46.212Z] Platform:      win32
[debug] [2023-05-26T02:13:46.212Z] Node Version:  v18.13.0
[debug] [2023-05-26T02:13:46.213Z] Time:          Fri May 26 2023 09:13:46 GMT+0700 (Indochina Time)
[debug] [2023-05-26T02:13:46.214Z] ----------------------------------------------------------------------
[debug] 
[debug] [2023-05-26T02:13:46.218Z] >>> [apiv2][query] GET https://firebase-public.firebaseio.com/cli.json [none]
[debug] [2023-05-26T02:13:46.285Z] > command requires scopes: ["email","openid","https://www.googleapis.com/auth/cloudplatformprojects.readonly","https://www.googleapis.com/auth/firebase","https://www.googleapis.com/auth/cloud-platform"]
[debug] [2023-05-26T02:13:46.286Z] > authorizing via signed-in user (abdulazzam66@gmail.com)
[info] 
     ######## #### ########  ######## ########     ###     ######  ########
     ##        ##  ##     ## ##       ##     ##  ##   ##  ##       ##
     ######    ##  ########  ######   ########  #########  ######  ######
     ##        ##  ##    ##  ##       ##     ## ##     ##       ## ##
     ##       #### ##     ## ######## ########  ##     ##  ######  ########

You're about to initialize a Firebase project in this directory:

  D:\Pelajaran\Web progamming\react JS\tugas-akhir

[debug] [2023-05-26T02:13:47.564Z] <<< [apiv2][status] GET https://firebase-public.firebaseio.com/cli.json 200
[debug] [2023-05-26T02:13:47.564Z] <<< [apiv2][body] GET https://firebase-public.firebaseio.com/cli.json {"cloudBuildErrorAfter":1594252800000,"cloudBuildWarnAfter":1590019200000,"defaultNode10After":1594252800000,"minVersion":"3.0.5","node8DeploysDisabledAfter":1613390400000,"node8RuntimeDisabledAfter":1615809600000,"node8WarnAfter":1600128000000}
[info] 
=== Project Setup
[info] 
[info] First, let's associate this project directory with a Firebase project.
[info] You can create multiple project aliases by running firebase use --add, 
[info] but for now we'll just set up a default project.
[info] 
[debug] [2023-05-26T02:14:31.005Z] ----------------------------------------------------------------------
[debug] [2023-05-26T02:14:31.009Z] Command:       C:\Program Files\nodejs\node.exe C:\Users\Alzan\AppData\Roaming\npm\node_modules\firebase-tools\lib\bin\firebase.js init
[debug] [2023-05-26T02:14:31.009Z] CLI Version:   12.0.0
[debug] [2023-05-26T02:14:31.010Z] Platform:      win32
[debug] [2023-05-26T02:14:31.010Z] Node Version:  v18.13.0
[debug] [2023-05-26T02:14:31.011Z] Time:          Fri May 26 2023 09:14:31 GMT+0700 (Indochina Time)
[debug] [2023-05-26T02:14:31.011Z] ----------------------------------------------------------------------
[debug] 
[debug] [2023-05-26T02:14:31.021Z] > command requires scopes: ["email","openid","https://www.googleapis.com/auth/cloudplatformprojects.readonly","https://www.googleapis.com/auth/firebase","https://www.googleapis.com/auth/cloud-platform"]
[debug] [2023-05-26T02:14:31.022Z] > authorizing via signed-in user (abdulazzam66@gmail.com)
[info] 
     ######## #### ########  ######## ########     ###     ######  ########
     ##        ##  ##     ## ##       ##     ##  ##   ##  ##       ##
     ######    ##  ########  ######   ########  #########  ######  ######
     ##        ##  ##    ##  ##       ##     ## ##     ##       ## ##
     ##       #### ##     ## ######## ########  ##     ##  ######  ########

You're about to initialize a Firebase project in this directory:

  D:\Pelajaran\Web progamming\react JS\tugas-akhir

